[debug] [2025-03-20T14:02:47.383Z] ----------------------------------------------------------------------
[debug] [2025-03-20T14:02:47.389Z] Command:       C:\Program Files\nodejs\node.exe C:\Users\USER\AppData\Roaming\npm\node_modules\firebase-tools\lib\bin\firebase.js deploy
[debug] [2025-03-20T14:02:47.390Z] CLI Version:   12.7.0
[debug] [2025-03-20T14:02:47.390Z] Platform:      win32
[debug] [2025-03-20T14:02:47.390Z] Node Version:  v20.17.0
[debug] [2025-03-20T14:02:47.391Z] Time:          Thu Mar 20 2025 20:02:47 GMT+0600 (Bangladesh Standard Time)
[debug] [2025-03-20T14:02:47.391Z] ----------------------------------------------------------------------
[debug] 
[debug] [2025-03-20T14:02:47.471Z] >>> [apiv2][query] GET https://firebase-public.firebaseio.com/cli.json [none]
[debug] [2025-03-20T14:02:47.699Z] > command requires scopes: ["email","openid","https://www.googleapis.com/auth/cloudplatformprojects.readonly","https://www.googleapis.com/auth/firebase","https://www.googleapis.com/auth/cloud-platform"]
[debug] [2025-03-20T14:02:47.699Z] > authorizing via signed-in user (forhudhossain@gmail.com)
[debug] [2025-03-20T14:02:47.699Z] [iam] checking project doctor-services-e20ee for permissions ["firebase.projects.get","firebasehosting.sites.update"]
[debug] [2025-03-20T14:02:47.700Z] > refreshing access token with scopes: []
[debug] [2025-03-20T14:02:47.701Z] >>> [apiv2][query] POST https://www.googleapis.com/oauth2/v3/token [none]
[debug] [2025-03-20T14:02:47.701Z] >>> [apiv2][body] POST https://www.googleapis.com/oauth2/v3/token [omitted]
[debug] [2025-03-20T14:02:48.717Z] <<< [apiv2][status] POST https://www.googleapis.com/oauth2/v3/token 400
[debug] [2025-03-20T14:02:48.718Z] <<< [apiv2][body] POST https://www.googleapis.com/oauth2/v3/token [omitted]
[debug] [2025-03-20T14:02:48.718Z] >>> [apiv2][query] POST https://cloudresourcemanager.googleapis.com/v1/projects/doctor-services-e20ee:testIamPermissions [none]
[debug] [2025-03-20T14:02:48.718Z] >>> [apiv2][(partial)header] POST https://cloudresourcemanager.googleapis.com/v1/projects/doctor-services-e20ee:testIamPermissions x-goog-quota-user=projects/doctor-services-e20ee
[debug] [2025-03-20T14:02:48.719Z] >>> [apiv2][body] POST https://cloudresourcemanager.googleapis.com/v1/projects/doctor-services-e20ee:testIamPermissions {"permissions":["firebase.projects.get","firebasehosting.sites.update"]}
[debug] [2025-03-20T14:02:48.917Z] <<< [apiv2][status] GET https://firebase-public.firebaseio.com/cli.json 200
[debug] [2025-03-20T14:02:48.917Z] <<< [apiv2][body] GET https://firebase-public.firebaseio.com/cli.json {"cloudBuildErrorAfter":1594252800000,"cloudBuildWarnAfter":1590019200000,"defaultNode10After":1594252800000,"minVersion":"3.0.5","node8DeploysDisabledAfter":1613390400000,"node8RuntimeDisabledAfter":1615809600000,"node8WarnAfter":1600128000000}
[debug] [2025-03-20T14:02:51.215Z] <<< [apiv2][status] POST https://cloudresourcemanager.googleapis.com/v1/projects/doctor-services-e20ee:testIamPermissions 401
[debug] [2025-03-20T14:02:51.215Z] <<< [apiv2][body] POST https://cloudresourcemanager.googleapis.com/v1/projects/doctor-services-e20ee:testIamPermissions {"error":{"code":401,"message":"Request had invalid authentication credentials. Expected OAuth 2 access token, login cookie or other valid authentication credential. See https://developers.google.com/identity/sign-in/web/devconsole-project.","status":"UNAUTHENTICATED","details":[{"@type":"type.googleapis.com/google.rpc.ErrorInfo","reason":"ACCESS_TOKEN_TYPE_UNSUPPORTED","metadata":{"service":"cloudresourcemanager.googleapis.com","method":"google.cloudresourcemanager.v1.Projects.TestIamPermissions"}}]}}
[debug] [2025-03-20T14:02:51.219Z] [iam] error while checking permissions, command may fail: FirebaseError: HTTP Error: 401, Request had invalid authentication credentials. Expected OAuth 2 access token, login cookie or other valid authentication credential. See https://developers.google.com/identity/sign-in/web/devconsole-project.
[debug] [2025-03-20T14:02:51.220Z] > refreshing access token with scopes: []
[debug] [2025-03-20T14:02:51.222Z] >>> [apiv2][query] POST https://www.googleapis.com/oauth2/v3/token [none]
[debug] [2025-03-20T14:02:51.222Z] >>> [apiv2][body] POST https://www.googleapis.com/oauth2/v3/token [omitted]
[debug] [2025-03-20T14:02:51.464Z] <<< [apiv2][status] POST https://www.googleapis.com/oauth2/v3/token 400
[debug] [2025-03-20T14:02:51.464Z] <<< [apiv2][body] POST https://www.googleapis.com/oauth2/v3/token [omitted]
[debug] [2025-03-20T14:02:51.466Z] >>> [apiv2][query] GET https://firebase.googleapis.com/v1beta1/projects/doctor-services-e20ee [none]
[debug] [2025-03-20T14:02:52.776Z] <<< [apiv2][status] GET https://firebase.googleapis.com/v1beta1/projects/doctor-services-e20ee 401
[debug] [2025-03-20T14:02:52.776Z] <<< [apiv2][body] GET https://firebase.googleapis.com/v1beta1/projects/doctor-services-e20ee {"error":{"code":401,"message":"Request had invalid authentication credentials. Expected OAuth 2 access token, login cookie or other valid authentication credential. See https://developers.google.com/identity/sign-in/web/devconsole-project.","status":"UNAUTHENTICATED"}}
[debug] [2025-03-20T14:02:52.777Z] HTTP Error: 401, Request had invalid authentication credentials. Expected OAuth 2 access token, login cookie or other valid authentication credential. See https://developers.google.com/identity/sign-in/web/devconsole-project.
[debug] [2025-03-20T14:02:53.554Z] FirebaseError: HTTP Error: 401, Request had invalid authentication credentials. Expected OAuth 2 access token, login cookie or other valid authentication credential. See https://developers.google.com/identity/sign-in/web/devconsole-project.
    at responseToError (C:\Users\USER\AppData\Roaming\npm\node_modules\firebase-tools\lib\responseToError.js:49:12)
    at RetryOperation._fn (C:\Users\USER\AppData\Roaming\npm\node_modules\firebase-tools\lib\apiv2.js:285:77)
    at process.processTicksAndRejections (node:internal/process/task_queues:95:5)
[error] 
[error] Error: Failed to get Firebase project doctor-services-e20ee. Please make sure the project exists and your account has permission to access it.
